androidPhenix-3.0.1.1-beta/PhenixDemo/build/outputs/logs/manifest-merger-debug-report.txt
-- Merging decision tree log ---
manifest
ADDED from androidPhenix-3.0.1.1-beta\PhenixDemo\AndroidManifest.xml:2:1-37:12
	package
		ADDED from androidPhenix-3.0.1.1-beta\PhenixDemo\AndroidManifest.xml:2:11-49
		INJECTED from androidPhenix-3.0.1.1-beta\PhenixDemo\AndroidManifest.xml
		INJECTED from androidPhenix-3.0.1.1-beta\PhenixDemo\AndroidManifest.xml
	android:versionName
		INJECTED from androidPhenix-3.0.1.1-beta\PhenixDemo\AndroidManifest.xml
		INJECTED from androidPhenix-3.0.1.1-beta\PhenixDemo\AndroidManifest.xml
	xmlns:android
		ADDED from androidPhenix-3.0.1.1-beta\PhenixDemo\AndroidManifest.xml:3:11-69
	android:versionCode
		INJECTED from androidPhenix-3.0.1.1-beta\PhenixDemo\AndroidManifest.xml
		INJECTED from androidPhenix-3.0.1.1-beta\PhenixDemo\AndroidManifest.xml
uses-sdk
ADDED from androidPhenix-3.0.1.1-beta\PhenixDemo\AndroidManifest.xml:5:5-7:40
MERGED from [PhenixDemo:MediaPhenix:3.0.1.1-SNAPSHOT] AndroidManifest.xml:7:5-9:41
	android:targetSdkVersion
		ADDED from androidPhenix-3.0.1.1-beta\PhenixDemo\AndroidManifest.xml:7:9-38
		INJECTED from androidPhenix-3.0.1.1-beta\PhenixDemo\AndroidManifest.xml
		INJECTED from androidPhenix-3.0.1.1-beta\PhenixDemo\AndroidManifest.xml
	android:minSdkVersion
		ADDED from androidPhenix-3.0.1.1-beta\PhenixDemo\AndroidManifest.xml:6:9-35
		INJECTED from androidPhenix-3.0.1.1-beta\PhenixDemo\AndroidManifest.xml
		INJECTED from androidPhenix-3.0.1.1-beta\PhenixDemo\AndroidManifest.xml
uses-permission#android.permission.INTERNET
ADDED from androidPhenix-3.0.1.1-beta\PhenixDemo\AndroidManifest.xml:9:5-66
	android:name
		ADDED from androidPhenix-3.0.1.1-beta\PhenixDemo\AndroidManifest.xml:9:22-64
uses-permission#android.permission.ACCESS_NETWORK_STATE
ADDED from androidPhenix-3.0.1.1-beta\PhenixDemo\AndroidManifest.xml:10:5-78
	android:name
		ADDED from androidPhenix-3.0.1.1-beta\PhenixDemo\AndroidManifest.xml:10:22-76
uses-permission#android.permission.READ_PHONE_STATE
ADDED from androidPhenix-3.0.1.1-beta\PhenixDemo\AndroidManifest.xml:11:5-74
	android:name
		ADDED from androidPhenix-3.0.1.1-beta\PhenixDemo\AndroidManifest.xml:11:22-72
uses-permission#android.permission.ACCESS_WIFI_STATE
ADDED from androidPhenix-3.0.1.1-beta\PhenixDemo\AndroidManifest.xml:12:5-75
	android:name
		ADDED from androidPhenix-3.0.1.1-beta\PhenixDemo\AndroidManifest.xml:12:22-73
uses-permission#android.permission.WRITE_EXTERNAL_STORAGE
ADDED from androidPhenix-3.0.1.1-beta\PhenixDemo\AndroidManifest.xml:13:5-80
	android:name
		ADDED from androidPhenix-3.0.1.1-beta\PhenixDemo\AndroidManifest.xml:13:22-78
android:uses-permission#android.permission.READ_EXTERNAL_STORAGE
ADDED from androidPhenix-3.0.1.1-beta\PhenixDemo\AndroidManifest.xml:15:5-87
	android:name
		ADDED from androidPhenix-3.0.1.1-beta\PhenixDemo\AndroidManifest.xml:15:30-85
application
ADDED from androidPhenix-3.0.1.1-beta\PhenixDemo\AndroidManifest.xml:17:5-35:19
	android:label
		ADDED from androidPhenix-3.0.1.1-beta\PhenixDemo\AndroidManifest.xml:22:9-41
	android:supportsRtl
		ADDED from androidPhenix-3.0.1.1-beta\PhenixDemo\AndroidManifest.xml:23:9-35
	android:fullBackupContent
		ADDED from androidPhenix-3.0.1.1-beta\PhenixDemo\AndroidManifest.xml:20:9-42
	android:allowBackup
		ADDED from androidPhenix-3.0.1.1-beta\PhenixDemo\AndroidManifest.xml:19:9-35
	android:icon
		ADDED from androidPhenix-3.0.1.1-beta\PhenixDemo\AndroidManifest.xml:21:9-45
	android:theme
		ADDED from androidPhenix-3.0.1.1-beta\PhenixDemo\AndroidManifest.xml:24:9-40
	android:name
		ADDED from androidPhenix-3.0.1.1-beta\PhenixDemo\AndroidManifest.xml:18:9-32
activity#com.alibaba.media.phenixdemo.MainActivity
ADDED from androidPhenix-3.0.1.1-beta\PhenixDemo\AndroidManifest.xml:25:9-31:20
	android:name
		ADDED from androidPhenix-3.0.1.1-beta\PhenixDemo\AndroidManifest.xml:25:19-47
intent-filter#android.intent.action.MAIN+android.intent.category.LAUNCHER
ADDED from androidPhenix-3.0.1.1-beta\PhenixDemo\AndroidManifest.xml:26:13-30:29
action#android.intent.action.MAIN
ADDED from androidPhenix-3.0.1.1-beta\PhenixDemo\AndroidManifest.xml:27:17-68
	android:name
		ADDED from androidPhenix-3.0.1.1-beta\PhenixDemo\AndroidManifest.xml:27:25-66
category#android.intent.category.LAUNCHER
ADDED from androidPhenix-3.0.1.1-beta\PhenixDemo\AndroidManifest.xml:29:17-76
	android:name
		ADDED from androidPhenix-3.0.1.1-beta\PhenixDemo\AndroidManifest.xml:29:27-74
activity#com.alibaba.media.phenixdemo.TestLoadDirectActivity
ADDED from androidPhenix-3.0.1.1-beta\PhenixDemo\AndroidManifest.xml:32:9-59
	android:name
		ADDED from androidPhenix-3.0.1.1-beta\PhenixDemo\AndroidManifest.xml:32:19-57
activity#com.alibaba.media.phenixdemo.TestLoadPhenixActivity
ADDED from androidPhenix-3.0.1.1-beta\PhenixDemo\AndroidManifest.xml:33:9-59
	android:name
		ADDED from androidPhenix-3.0.1.1-beta\PhenixDemo\AndroidManifest.xml:33:19-57
activity#com.alibaba.media.phenixdemo.TestLoadDefineImgActivity
ADDED from androidPhenix-3.0.1.1-beta\PhenixDemo\AndroidManifest.xml:34:9-62
	android:name
		ADDED from androidPhenix-3.0.1.1-beta\PhenixDemo\AndroidManifest.xml:34:19-60